{"level":"info","message":"chat params"}
{"level":"info","message":"chat params"}
{"0":{"text":"test","type":"user"},"level":"info","message":"chat params"}
{"0":{"text":"你好，你是谁？","type":"user"},"level":"info","message":"chat params"}
{"0":{"text":"test","type":"user"},"level":"info","message":"chat params"}
{"0":{"text":"test","type":"user"},"level":"info","message":"chat params"}
{"0":{"text":"test","type":"user"},"level":"info","message":"chat params"}
{"0":{"text":"test","type":"user"},"level":"info","message":"chat params"}
{"0":{"content":"test","role":"user"},"level":"info","message":"chat params"}
{"0":{"content":"test","role":"user"},"level":"info","message":"chat result"}
{"0":{"content":"你是谁？","role":"user"},"level":"info","message":"chat params"}
{"0":{"content":"你是谁？","role":"user"},"level":"info","message":"chat result"}
{"0":{"content":"你可以做什么？例如帮我写一首诗？","role":"user"},"level":"info","message":"chat params"}
{"0":{"content":"你可以做什么？例如帮我写一首诗？","role":"user"},"level":"info","message":"chat result"}
{"0":{"content":"","role":"user"},"level":"info","message":"chat params"}
{"0":{"content":"","role":"user"},"level":"info","message":"chat params"}
{"0":{"content":"","role":"user"},"level":"info","message":"chat result"}
{"0":{"content":"","role":"user"},"level":"info","message":"chat result"}
{"0":{"content":"为什么有些人相比外国英鸽子凡人生","role":"user"},"level":"info","message":"chat params"}
{"0":{"content":"为什么有些人相比外国英鸽子凡人生","role":"user"},"level":"info","message":"chat result"}
